SF:lib\model\states\token_folder_state.dart
DA:11,19
DA:13,2
DA:14,4
DA:15,6
DA:16,2
DA:21,2
DA:22,4
DA:23,4
DA:24,10
DA:25,4
DA:26,2
DA:29,2
DA:32,2
DA:33,4
DA:34,10
DA:35,2
DA:38,0
DA:39,0
DA:40,0
DA:41,0
DA:44,0
DA:46,0
DA:48,0
DA:49,0
DA:51,0
DA:52,0
DA:54,10
LF:27
LH:17
end_of_record
SF:lib\model\token_folder.dart
DA:18,6
DA:26,1
DA:34,1
DA:35,1
DA:36,1
DA:37,1
DA:38,1
DA:39,0
DA:43,1
DA:44,4
DA:46,0
DA:47,0
DA:49,0
DA:50,0
DA:52,1
DA:53,1
DA:54,2
DA:57,0
LF:18
LH:12
end_of_record
SF:lib\model\mixins\sortable_mixin.dart
DA:6,0
DA:7,0
DA:8,0
DA:11,0
DA:13,0
LF:5
LH:0
end_of_record
SF:lib\model\token_folder.g.dart
DA:9,2
DA:10,1
DA:11,1
DA:12,1
DA:13,1
DA:14,1
DA:17,0
DA:18,0
DA:19,0
DA:20,0
DA:21,0
DA:22,0
DA:23,0
LF:13
LH:6
end_of_record
SF:lib\model\states\token_state.dart
DA:9,4
DA:10,4
DA:12,2
DA:14,2
DA:15,10
DA:18,1
DA:19,2
DA:20,1
DA:21,1
DA:24,1
DA:25,2
DA:26,1
DA:27,1
DA:30,2
DA:31,4
DA:32,10
DA:33,2
DA:36,1
DA:37,2
DA:38,7
DA:39,1
DA:43,2
DA:44,4
DA:45,10
DA:46,4
DA:47,2
DA:49,2
DA:51,2
DA:56,2
DA:57,4
DA:58,4
DA:59,10
DA:60,4
DA:61,2
DA:64,2
DA:66,2
DA:69,0
DA:70,0
LF:38
LH:36
end_of_record
SF:lib\model\tokens\token.dart
DA:27,0
DA:28,0
DA:29,0
DA:30,0
DA:31,0
DA:32,0
DA:33,0
DA:35,1
DA:36,1
DA:37,5
DA:38,0
DA:39,0
DA:40,0
DA:41,0
DA:44,6
DA:70,1
DA:72,4
DA:75,0
DA:76,0
DA:78,1
DA:80,10
LF:21
LH:8
end_of_record
SF:lib\model\states\settings_state.dart
DA:10,0
DA:11,0
DA:12,0
DA:13,0
DA:14,0
DA:15,0
DA:16,0
DA:18,0
DA:19,0
DA:27,0
DA:28,0
DA:29,0
DA:33,1
DA:42,0
DA:43,0
DA:44,0
DA:45,0
DA:46,0
DA:47,0
DA:48,0
DA:49,0
DA:51,1
DA:61,1
DA:62,1
DA:63,1
DA:64,1
DA:65,1
DA:66,1
DA:67,1
DA:68,1
DA:69,1
DA:73,0
DA:75,0
DA:77,0
DA:78,0
DA:81,1
DA:86,1
DA:87,3
DA:88,3
DA:89,3
DA:90,3
DA:91,5
DA:92,5
DA:93,3
DA:94,3
DA:97,0
DA:98,0
DA:99,0
LF:48
LH:21
end_of_record
SF:lib\model\platform_info\platform_info_imp\dummy_platform_info.dart
DA:5,0
DA:8,0
DA:11,0
DA:14,0
DA:17,0
DA:20,0
LF:6
LH:0
end_of_record
SF:lib\model\push_request.dart
DA:20,4
DA:33,16
DA:34,13
DA:37,1
DA:49,1
DA:50,1
DA:51,1
DA:52,1
DA:53,1
DA:54,1
DA:55,1
DA:56,1
DA:57,1
DA:58,1
DA:59,0
DA:63,4
DA:64,7
DA:66,0
DA:67,0
DA:69,1
DA:71,3
DA:72,4
DA:73,2
DA:74,2
DA:77,2
DA:79,2
LF:26
LH:23
end_of_record
SF:lib\model\push_request.g.dart
DA:9,2
DA:10,1
DA:11,1
DA:12,2
DA:13,1
DA:14,1
DA:15,1
DA:16,2
DA:17,1
DA:18,1
DA:19,1
DA:22,1
DA:23,1
DA:24,1
DA:25,1
DA:26,1
DA:27,2
DA:28,1
DA:29,1
DA:30,2
DA:31,1
DA:32,1
DA:33,1
LF:23
LH:23
end_of_record
SF:lib\utils\riverpod_providers.dart
DA:30,0
DA:31,0
DA:37,0
DA:38,0
DA:39,0
DA:40,0
DA:42,0
DA:44,0
DA:45,0
DA:46,0
DA:47,0
DA:50,0
DA:57,0
DA:60,0
DA:64,0
DA:65,0
DA:66,0
DA:68,0
DA:69,0
DA:70,0
DA:73,0
DA:74,0
DA:75,0
DA:79,0
DA:82,0
DA:88,0
DA:89,0
DA:90,0
DA:91,0
DA:95,0
DA:96,0
DA:99,0
DA:100,0
DA:101,0
DA:107,0
DA:108,0
DA:111,0
DA:112,0
DA:113,0
DA:117,0
LF:40
LH:0
end_of_record
SF:lib\model\push_request_queue.dart
DA:10,4
DA:15,4
DA:16,8
DA:17,4
DA:20,2
DA:21,2
DA:22,0
DA:25,2
DA:28,0
DA:30,0
DA:32,3
DA:34,0
DA:36,6
DA:38,2
DA:39,12
DA:41,4
DA:44,3
DA:46,3
DA:48,0
DA:50,12
DA:52,5
DA:54,6
DA:56,1
DA:58,2
DA:61,2
DA:62,14
DA:64,2
DA:65,6
DA:67,7
DA:68,3
DA:74,0
DA:75,0
DA:77,4
DA:79,4
LF:34
LH:27
end_of_record
SF:lib\model\push_request_queue.g.dart
DA:9,2
DA:10,2
DA:11,4
DA:12,4
DA:13,2
DA:15,2
DA:16,2
DA:17,2
LF:8
LH:8
end_of_record
SF:lib\model\tokens\day_password_token.dart
DA:19,1
DA:34,2
DA:35,2
DA:37,0
DA:53,0
DA:54,0
DA:55,0
DA:56,0
DA:57,0
DA:58,0
DA:59,0
DA:60,0
DA:61,0
DA:62,0
DA:63,0
DA:64,0
DA:65,0
DA:66,0
DA:67,0
DA:70,1
DA:71,1
DA:72,1
DA:73,2
DA:74,1
DA:75,2
DA:76,2
DA:80,0
DA:81,0
DA:82,0
DA:85,0
DA:86,0
DA:87,0
DA:89,0
DA:92,0
DA:93,0
DA:94,0
DA:95,0
DA:98,0
DA:99,0
DA:100,0
DA:101,0
DA:102,0
DA:103,0
DA:104,0
DA:105,0
DA:106,0
DA:107,0
DA:108,0
DA:111,0
DA:116,0
DA:117,0
DA:119,0
DA:121,0
LF:53
LH:10
end_of_record
SF:lib\model\tokens\day_password_token.g.dart
DA:9,0
DA:10,0
DA:11,0
DA:12,0
DA:13,0
DA:14,0
DA:15,0
DA:16,0
DA:17,0
DA:18,0
DA:19,0
DA:21,0
DA:22,0
DA:23,0
DA:24,0
DA:25,0
DA:26,0
DA:29,0
DA:30,0
DA:31,0
DA:32,0
DA:33,0
DA:34,0
DA:35,0
DA:36,0
DA:37,0
DA:38,0
DA:39,0
DA:40,0
DA:41,0
DA:42,0
DA:43,0
DA:44,0
LF:33
LH:0
end_of_record
SF:lib\utils\crypto_utils.dart
DA:34,1
DA:35,1
DA:36,1
DA:37,1
DA:38,1
DA:40,1
DA:41,1
DA:42,1
DA:43,1
DA:46,3
DA:48,1
DA:52,1
DA:54,1
DA:56,4
DA:57,1
DA:59,2
DA:62,1
DA:64,2
DA:67,1
DA:70,1
DA:72,1
DA:73,1
DA:76,3
DA:80,2
DA:81,2
DA:83,2
DA:84,2
DA:85,4
DA:86,4
DA:88,6
DA:93,2
DA:94,4
DA:95,4
DA:96,4
DA:99,5
DA:100,6
DA:101,6
DA:102,10
DA:105,2
DA:107,2
DA:114,3
DA:115,3
DA:116,3
DA:117,3
LF:44
LH:44
end_of_record
SF:lib\utils\utils.dart
DA:35,1
DA:36,5
DA:46,1
DA:47,1
DA:49,3
DA:50,7
DA:53,1
DA:56,4
DA:57,8
DA:58,8
DA:63,2
DA:71,8
DA:72,8
DA:73,8
DA:74,48
DA:75,16
DA:78,5
DA:79,15
DA:83,1
DA:84,2
DA:85,0
DA:88,0
DA:89,0
DA:90,0
DA:94,0
DA:95,0
DA:96,0
DA:97,0
DA:98,0
DA:99,0
DA:100,0
DA:101,0
DA:102,0
DA:105,0
DA:106,0
DA:109,0
DA:110,0
DA:115,0
DA:117,0
DA:119,0
DA:125,0
LF:41
LH:20
end_of_record
SF:lib\model\tokens\otp_token.dart
DA:10,4
DA:40,0
DA:42,0
LF:3
LH:1
end_of_record
SF:lib\model\tokens\hotp_token.dart
DA:16,4
DA:30,8
DA:32,3
DA:33,3
DA:34,3
DA:35,3
DA:36,3
DA:37,6
DA:41,4
DA:43,2
DA:58,2
DA:59,1
DA:60,2
DA:61,2
DA:62,2
DA:63,2
DA:64,2
DA:65,2
DA:66,2
DA:67,2
DA:68,2
DA:69,2
DA:70,3
DA:73,0
DA:75,0
DA:78,2
DA:79,3
DA:80,5
DA:83,2
DA:84,2
DA:85,2
DA:86,2
DA:87,4
DA:88,2
DA:89,4
DA:90,2
DA:91,2
DA:92,2
DA:93,2
DA:96,0
DA:101,0
DA:103,0
LF:42
LH:37
end_of_record
SF:lib\model\tokens\hotp_token.g.dart
DA:9,0
DA:10,0
DA:11,0
DA:12,0
DA:13,0
DA:14,0
DA:15,0
DA:16,0
DA:17,0
DA:18,0
DA:19,0
DA:20,0
DA:21,0
DA:22,0
DA:25,0
DA:26,0
DA:27,0
DA:28,0
DA:29,0
DA:30,0
DA:31,0
DA:32,0
DA:33,0
DA:34,0
DA:35,0
DA:36,0
DA:37,0
DA:38,0
LF:28
LH:0
end_of_record
SF:lib\model\tokens\push_token.dart
DA:35,4
DA:36,3
DA:37,4
DA:38,3
DA:39,0
DA:40,3
DA:42,2
DA:43,4
DA:44,6
DA:45,6
DA:48,2
DA:49,14
DA:50,4
DA:52,4
DA:58,2
DA:59,7
DA:60,2
DA:63,3
DA:88,3
DA:89,2
DA:90,6
DA:92,2
DA:117,2
DA:118,2
DA:119,2
DA:120,2
DA:121,2
DA:122,2
DA:123,2
DA:124,2
DA:125,2
DA:126,2
DA:127,2
DA:128,2
DA:129,2
DA:130,2
DA:131,2
DA:132,2
DA:133,2
DA:134,2
DA:135,2
DA:136,2
DA:137,3
DA:141,2
DA:142,7
DA:144,0
DA:145,0
DA:147,1
DA:149,2
DA:150,1
DA:151,2
DA:152,1
DA:153,2
DA:154,1
DA:155,1
DA:156,1
DA:157,1
DA:158,1
DA:159,1
DA:160,1
DA:161,1
DA:162,1
DA:165,1
DA:168,1
DA:169,1
DA:170,1
DA:171,1
DA:172,1
DA:173,1
DA:174,5
DA:175,1
DA:176,1
DA:177,1
DA:178,1
DA:179,1
DA:182,0
DA:187,1
DA:188,1
DA:189,2
DA:190,1
DA:191,1
DA:192,1
DA:193,0
DA:194,0
DA:195,0
DA:197,1
DA:200,2
LF:87
LH:80
end_of_record
SF:lib\model\tokens\push_token.g.dart
DA:9,2
DA:10,1
DA:11,1
DA:12,1
DA:13,1
DA:14,3
DA:15,1
DA:17,2
DA:18,1
DA:19,1
DA:20,1
DA:21,1
DA:22,1
DA:23,1
DA:24,1
DA:25,1
DA:26,1
DA:28,1
DA:29,1
DA:30,1
DA:32,1
DA:33,1
DA:34,1
DA:35,1
DA:36,1
DA:37,1
DA:38,1
DA:39,1
DA:42,2
DA:43,1
DA:44,1
DA:45,1
DA:46,1
DA:47,1
DA:48,1
DA:49,1
DA:50,1
DA:51,1
DA:52,2
DA:53,1
DA:54,1
DA:55,1
DA:56,2
DA:57,1
DA:58,2
DA:59,1
DA:60,1
DA:61,1
DA:62,1
DA:63,1
LF:50
LH:50
end_of_record
SF:lib\utils\custom_int_buffer.dart
DA:9,4
DA:14,3
DA:15,5
DA:16,3
DA:19,2
DA:20,2
DA:21,0
DA:24,6
DA:25,0
DA:28,2
DA:31,3
DA:32,14
DA:33,6
DA:36,3
DA:38,6
DA:40,2
DA:42,2
LF:17
LH:15
end_of_record
SF:lib\utils\custom_int_buffer.g.dart
DA:9,1
DA:10,1
DA:11,4
DA:13,1
DA:14,1
DA:15,1
LF:6
LH:6
end_of_record
SF:lib\utils\rsa_utils.dart
DA:34,66
DA:43,2
DA:44,6
DA:45,6
DA:46,6
DA:48,2
DA:58,2
DA:59,2
DA:60,6
DA:61,6
DA:63,4
DA:78,1
DA:79,3
DA:81,2
DA:83,3
DA:85,2
DA:86,0
DA:87,0
DA:93,2
DA:95,3
DA:97,3
DA:98,3
DA:100,1
DA:115,1
DA:116,1
DA:117,1
DA:118,2
DA:119,2
DA:121,1
DA:122,3
DA:123,3
DA:125,2
DA:127,1
DA:128,1
DA:129,1
DA:130,2
DA:151,2
DA:152,2
DA:153,4
DA:154,6
DA:155,6
DA:156,6
DA:157,6
DA:158,6
DA:159,14
DA:160,14
DA:161,10
DA:163,4
DA:184,1
DA:185,3
DA:186,3
DA:187,3
DA:188,3
DA:189,3
DA:191,1
DA:195,1
DA:196,1
DA:197,2
DA:201,2
DA:202,0
DA:203,0
DA:215,0
DA:217,0
DA:220,0
DA:222,0
DA:223,0
DA:231,0
DA:237,2
DA:238,2
DA:239,4
DA:240,2
DA:245,2
DA:246,12
DA:248,2
DA:250,6
DA:253,0
DA:254,0
DA:257,1
DA:258,1
DA:259,2
DA:261,2
LF:81
LH:69
end_of_record
SF:lib\model\tokens\totp_token.dart
DA:19,1
DA:20,1
DA:21,1
DA:22,2
DA:23,1
DA:24,2
DA:25,1
DA:29,1
DA:43,1
DA:44,2
DA:46,1
DA:61,1
DA:62,0
DA:63,0
DA:64,0
DA:65,0
DA:66,0
DA:67,0
DA:68,0
DA:69,0
DA:70,0
DA:71,0
DA:72,0
DA:73,1
DA:77,0
DA:79,0
DA:82,1
DA:83,2
DA:84,3
DA:85,3
DA:88,1
DA:89,1
DA:90,1
DA:91,1
DA:92,2
DA:93,1
DA:94,1
DA:95,2
DA:96,1
DA:97,1
DA:98,1
DA:101,0
DA:106,2
DA:108,0
DA:109,0
DA:110,0
DA:113,0
DA:114,0
DA:115,0
DA:118,2
LF:50
LH:30
end_of_record
SF:lib\model\tokens\totp_token.g.dart
DA:9,2
DA:10,1
DA:11,1
DA:12,1
DA:13,1
DA:14,2
DA:15,1
DA:16,1
DA:17,1
DA:18,1
DA:19,1
DA:20,1
DA:21,1
DA:22,1
DA:25,2
DA:26,1
DA:27,1
DA:28,1
DA:29,1
DA:30,1
DA:31,1
DA:32,1
DA:33,1
DA:34,1
DA:35,2
DA:36,1
DA:37,1
DA:38,1
LF:28
LH:28
end_of_record
SF:lib\repo\preference_settings_repository.dart
DA:19,0
DA:20,0
DA:23,0
DA:25,0
DA:26,0
DA:27,0
DA:28,0
DA:29,0
DA:31,0
DA:32,0
DA:33,0
DA:34,0
DA:44,0
DA:47,0
DA:49,0
DA:50,0
DA:51,0
DA:52,0
DA:53,0
DA:54,0
DA:56,0
DA:57,0
DA:59,0
DA:60,0
DA:61,0
LF:25
LH:0
end_of_record
SF:lib\repo\preference_token_folder_repository.dart
DA:11,0
DA:13,0
DA:16,0
DA:17,0
DA:18,0
DA:19,0
DA:22,0
DA:23,0
DA:27,0
DA:30,0
DA:31,0
DA:32,0
DA:33,0
DA:35,0
DA:40,0
DA:43,0
LF:16
LH:0
end_of_record
SF:lib\utils\logger.dart
DA:21,0
DA:26,0
DA:27,0
DA:28,12
DA:29,4
DA:37,4
DA:39,4
DA:40,4
DA:45,0
DA:46,0
DA:47,0
DA:48,0
DA:50,0
DA:53,0
DA:54,0
DA:55,0
DA:56,0
DA:69,0
DA:70,0
DA:71,0
DA:72,0
DA:73,0
DA:74,4
DA:76,0
DA:79,0
DA:80,0
DA:81,0
DA:86,4
DA:91,0
DA:97,12
DA:98,4
DA:99,12
DA:104,0
DA:106,0
DA:108,0
DA:113,4
DA:114,8
DA:115,8
DA:116,0
DA:118,4
DA:121,0
DA:122,0
DA:123,0
DA:124,0
DA:126,0
DA:129,0
DA:130,0
DA:131,0
DA:132,0
DA:133,0
DA:135,0
DA:136,0
DA:137,0
DA:140,0
DA:141,0
DA:142,0
DA:143,0
DA:146,0
DA:147,0
DA:149,0
DA:151,0
DA:155,0
DA:156,0
DA:159,0
DA:160,0
DA:161,0
DA:162,0
DA:168,0
DA:169,0
DA:170,0
DA:171,0
DA:172,0
DA:173,0
DA:177,0
DA:178,0
DA:179,0
DA:180,0
DA:181,0
DA:182,0
DA:185,0
DA:187,0
DA:193,0
DA:194,0
DA:197,0
DA:198,0
DA:199,0
DA:200,0
DA:201,0
DA:202,0
DA:203,0
DA:204,0
DA:214,4
DA:215,4
DA:216,4
DA:217,4
DA:218,4
DA:221,4
DA:222,8
DA:223,4
DA:226,0
DA:227,0
DA:228,0
DA:229,0
DA:230,0
DA:231,0
DA:232,0
DA:233,0
DA:236,0
DA:237,0
DA:240,0
DA:244,4
DA:245,8
DA:248,4
DA:249,8
DA:250,0
DA:253,4
DA:254,8
DA:255,0
DA:256,0
DA:259,4
DA:260,0
DA:261,0
DA:266,8
DA:267,4
DA:269,0
DA:270,0
DA:271,0
DA:272,0
DA:274,4
DA:277,4
DA:282,4
DA:284,8
DA:287,4
DA:289,8
DA:292,0
DA:294,0
DA:299,0
DA:300,0
DA:301,0
DA:302,0
DA:303,0
DA:304,0
DA:305,0
DA:307,0
DA:308,0
DA:309,0
DA:310,0
DA:311,0
DA:320,0
DA:321,0
DA:322,0
DA:323,0
DA:324,0
DA:325,0
DA:331,0
DA:332,0
DA:333,0
DA:334,0
DA:339,4
DA:340,12
DA:341,8
DA:342,7
DA:343,4
DA:345,4
DA:347,12
DA:348,4
DA:349,20
DA:350,20
DA:351,12
DA:356,0
DA:357,0
DA:358,0
DA:359,0
DA:360,0
DA:361,0
DA:362,0
DA:363,0
DA:364,0
DA:365,0
DA:366,0
DA:367,0
DA:368,0
DA:369,0
DA:370,0
DA:371,0
DA:372,0
DA:373,0
DA:374,0
DA:375,0
DA:376,0
DA:377,0
DA:378,0
DA:379,0
DA:380,0
DA:381,0
DA:382,0
DA:383,0
DA:384,0
DA:385,0
DA:386,0
DA:387,0
DA:388,0
DA:389,0
DA:392,0
DA:393,0
DA:394,0
DA:395,0
DA:396,0
DA:397,0
DA:398,0
DA:399,0
DA:400,0
DA:401,0
DA:402,0
DA:403,0
DA:405,0
LF:216
LH:48
end_of_record
SF:lib\repo\secure_token_repository.dart
DA:33,48
DA:36,0
DA:40,0
DA:53,0
DA:55,0
DA:56,0
DA:57,0
DA:58,0
DA:61,0
DA:62,0
DA:63,0
DA:65,0
DA:70,0
DA:72,0
DA:82,0
DA:84,0
DA:86,0
DA:88,0
DA:89,0
DA:90,0
DA:96,0
DA:97,0
DA:98,0
DA:101,0
DA:102,0
DA:111,0
DA:112,0
DA:113,0
DA:125,0
DA:126,0
DA:128,0
DA:131,0
DA:135,0
DA:137,0
DA:138,0
DA:139,0
DA:140,0
DA:143,0
DA:144,0
DA:145,0
DA:151,0
DA:153,0
DA:155,0
DA:158,0
DA:168,0
DA:170,0
DA:175,0
DA:177,0
LF:48
LH:1
end_of_record
SF:lib\state_notifiers\app_state_notifier.dart
DA:6,2
DA:8,1
DA:9,1
LF:3
LH:3
end_of_record
SF:lib\state_notifiers\push_request_notifier.dart
DA:40,1
DA:48,1
DA:49,2
DA:53,1
DA:54,2
DA:55,1
DA:56,1
DA:57,1
DA:59,0
DA:62,1
DA:66,1
DA:67,2
DA:68,1
DA:69,1
DA:70,1
DA:72,0
DA:75,1
DA:79,2
DA:81,1
DA:82,1
DA:84,3
DA:85,2
DA:88,3
DA:89,2
DA:90,1
DA:92,2
DA:102,1
DA:103,1
DA:104,1
DA:107,2
DA:108,1
DA:111,4
DA:112,2
DA:113,0
DA:116,0
LF:35
LH:31
end_of_record
SF:lib\utils\network_utils.dart
DA:30,48
DA:35,0
DA:36,0
DA:37,0
DA:38,0
DA:39,0
DA:40,0
DA:42,0
DA:45,0
DA:46,0
DA:49,0
DA:54,0
DA:55,0
DA:57,0
DA:58,0
DA:59,0
DA:60,0
DA:61,0
DA:63,0
DA:67,0
DA:68,0
DA:69,0
DA:70,0
DA:71,0
DA:73,0
DA:77,0
DA:78,0
DA:79,0
DA:82,0
DA:83,0
DA:86,0
DA:89,0
DA:94,0
DA:95,0
DA:96,0
DA:97,0
DA:98,0
DA:99,0
DA:101,0
DA:105,0
DA:106,0
DA:107,0
DA:108,0
DA:109,0
DA:111,0
DA:113,0
DA:115,0
DA:116,0
DA:117,0
DA:121,0
DA:123,0
DA:124,0
DA:125,0
DA:126,0
DA:127,0
DA:128,0
DA:132,0
DA:133,0
DA:136,0
DA:140,0
LF:60
LH:1
end_of_record
SF:lib\utils\push_provider.dart
DA:51,0
DA:54,0
DA:55,0
DA:56,0
DA:57,0
DA:58,0
DA:59,0
DA:60,0
DA:66,0
DA:67,0
DA:69,0
DA:77,0
DA:79,0
DA:81,0
DA:85,0
DA:86,0
DA:87,0
DA:89,0
DA:90,0
DA:91,0
DA:92,0
DA:93,0
DA:95,0
DA:96,0
DA:102,0
DA:103,0
DA:104,0
DA:106,0
DA:107,0
DA:108,0
DA:109,0
DA:111,0
DA:112,0
DA:120,0
DA:121,0
DA:122,0
DA:123,0
DA:125,0
DA:127,0
DA:128,0
DA:129,0
DA:130,0
DA:132,0
DA:134,0
DA:136,0
DA:139,0
DA:140,0
DA:143,0
DA:145,0
DA:151,0
DA:152,0
DA:153,0
DA:154,0
DA:156,0
DA:158,0
DA:159,0
DA:160,0
DA:161,0
DA:163,0
DA:165,0
DA:167,0
DA:170,0
DA:171,0
DA:174,0
DA:175,0
DA:178,0
DA:179,0
DA:180,0
DA:181,0
DA:183,0
DA:186,0
DA:187,0
DA:188,0
DA:189,0
DA:192,0
DA:194,0
DA:195,0
DA:196,0
DA:197,0
DA:201,0
DA:202,0
DA:203,0
DA:204,0
DA:211,0
DA:212,0
DA:213,0
DA:214,0
DA:215,0
DA:219,0
DA:222,0
DA:223,0
DA:224,0
DA:229,0
DA:230,0
DA:232,0
DA:239,0
DA:240,0
DA:242,0
DA:244,0
DA:246,0
DA:249,0
DA:250,0
DA:256,0
DA:258,0
DA:261,0
DA:262,0
DA:264,0
DA:265,0
DA:266,0
DA:269,0
DA:270,0
DA:271,0
DA:274,0
DA:280,0
DA:286,0
DA:287,0
DA:289,0
DA:291,0
DA:293,0
DA:294,0
DA:295,0
DA:300,0
DA:313,0
DA:319,0
DA:323,0
DA:332,0
DA:334,0
DA:337,0
DA:341,0
DA:342,0
DA:344,0
DA:345,0
DA:347,0
DA:353,0
LF:134
LH:0
end_of_record
SF:lib\state_notifiers\settings_notifier.dart
DA:15,1
DA:19,1
DA:20,1
DA:22,1
DA:23,3
DA:24,3
DA:28,4
DA:30,1
DA:31,1
DA:32,3
DA:33,3
DA:36,1
DA:37,1
DA:38,3
DA:39,1
DA:42,1
DA:43,1
DA:44,3
DA:45,1
DA:48,1
DA:49,1
DA:50,3
DA:51,1
DA:54,1
DA:55,1
DA:56,3
DA:57,1
DA:60,1
DA:61,1
DA:62,5
DA:63,1
DA:66,1
DA:67,1
DA:68,3
DA:69,1
LF:35
LH:35
end_of_record
SF:lib\state_notifiers\token_folder_notifier.dart
DA:11,1
DA:13,1
DA:14,1
DA:17,8
DA:19,1
DA:20,3
DA:21,2
DA:22,1
DA:23,0
DA:28,1
DA:29,2
DA:30,1
DA:31,2
DA:34,1
DA:35,2
DA:36,1
DA:37,2
DA:40,1
DA:41,3
DA:42,1
DA:43,2
DA:46,1
DA:47,2
DA:48,1
DA:49,2
LF:25
LH:24
end_of_record
SF:lib\state_notifiers\token_notifier.dart
DA:44,1
DA:57,1
DA:58,1
DA:59,1
DA:61,1
DA:64,1
DA:65,3
DA:66,2
DA:67,1
DA:68,0
DA:70,2
DA:71,4
DA:76,1
DA:77,3
DA:78,2
DA:79,3
DA:83,1
DA:86,3
DA:87,2
DA:88,5
DA:89,2
DA:90,2
DA:91,1
DA:100,1
DA:101,1
DA:104,2
DA:108,5
DA:109,3
DA:113,1
DA:114,6
DA:117,1
DA:118,3
DA:119,3
DA:120,2
DA:123,1
DA:124,3
DA:125,2
DA:128,1
DA:129,3
DA:130,2
DA:134,1
DA:135,3
DA:136,1
DA:139,1
DA:140,1
DA:147,2
DA:149,3
DA:151,0
DA:152,0
DA:154,0
DA:155,0
DA:156,0
DA:157,0
DA:158,0
DA:164,1
DA:165,0
DA:166,0
DA:167,0
DA:171,1
DA:172,0
DA:175,1
DA:178,0
DA:180,0
DA:181,0
DA:186,1
DA:187,1
DA:188,9
DA:191,0
DA:194,1
DA:195,2
DA:196,1
DA:197,1
DA:198,1
DA:199,1
DA:200,1
DA:203,1
DA:204,0
DA:207,1
DA:208,0
DA:209,5
DA:212,0
DA:215,0
DA:219,1
DA:221,2
DA:222,0
DA:223,0
DA:224,0
DA:230,1
DA:231,1
DA:233,4
DA:237,1
DA:238,3
DA:239,8
DA:242,0
DA:245,1
DA:246,1
DA:248,4
DA:252,1
DA:253,2
DA:254,2
DA:255,1
DA:256,2
DA:257,2
DA:258,2
DA:259,2
DA:260,4
DA:264,2
DA:265,0
DA:266,0
DA:267,0
DA:268,0
DA:272,0
DA:275,1
DA:276,0
DA:279,1
DA:280,2
DA:282,2
DA:283,2
DA:284,2
DA:285,1
DA:286,4
DA:287,1
DA:289,0
DA:290,0
DA:295,2
DA:298,2
DA:299,1
DA:300,1
DA:301,1
DA:302,1
DA:303,1
DA:304,2
DA:305,3
DA:309,2
DA:310,2
DA:312,1
DA:313,1
DA:314,0
DA:315,0
DA:316,0
DA:317,0
DA:320,1
DA:321,1
DA:322,1
DA:326,0
DA:328,0
DA:332,0
DA:333,0
DA:334,0
DA:336,0
DA:337,0
DA:338,0
DA:341,0
DA:345,0
DA:346,0
DA:347,0
DA:348,0
DA:351,0
DA:352,0
DA:353,0
DA:354,0
DA:355,0
DA:358,0
DA:360,0
DA:361,0
DA:362,0
DA:366,0
DA:367,0
DA:373,1
DA:374,2
DA:376,4
DA:377,1
DA:379,1
DA:381,2
DA:382,0
DA:383,0
LF:176
LH:114
end_of_record
SF:lib\utils\firebase_utils.dart
DA:15,1
DA:17,1
DA:18,1
DA:22,0
DA:27,0
DA:30,0
DA:31,0
DA:34,0
DA:39,0
DA:40,0
DA:41,0
DA:42,0
DA:43,0
DA:48,0
DA:49,0
DA:50,0
DA:51,0
DA:53,0
DA:56,0
DA:57,0
DA:60,0
DA:62,0
DA:63,0
DA:65,0
DA:66,0
DA:69,0
DA:70,0
DA:71,0
DA:72,0
DA:76,0
DA:78,0
DA:79,0
DA:80,0
DA:81,0
DA:85,0
DA:87,0
DA:88,0
DA:89,0
DA:93,0
DA:96,0
DA:97,0
DA:98,0
DA:101,0
DA:103,0
DA:104,0
DA:105,0
DA:109,0
DA:118,0
DA:121,0
DA:122,0
DA:123,0
DA:124,0
DA:125,0
DA:126,0
DA:131,0
DA:132,0
DA:137,0
DA:139,0
DA:145,0
LF:59
LH:3
end_of_record
SF:lib\utils\qr_parser.dart
DA:27,33
DA:30,1
DA:31,1
DA:32,1
DA:40,2
DA:41,1
DA:44,2
DA:48,1
DA:49,2
DA:50,2
DA:51,2
DA:52,1
DA:53,2
DA:54,0
DA:57,1
DA:60,1
DA:64,0
DA:77,0
DA:79,0
DA:82,0
DA:85,0
DA:89,0
DA:91,0
DA:93,0
DA:94,0
DA:96,0
DA:100,0
DA:101,0
DA:104,0
DA:105,0
DA:108,0
DA:109,0
DA:110,0
DA:112,0
DA:113,0
DA:115,0
DA:116,0
DA:118,0
DA:119,0
DA:120,0
DA:123,0
DA:125,0
DA:126,0
DA:127,0
DA:130,0
DA:131,0
DA:133,0
DA:136,0
DA:137,0
DA:145,1
DA:148,1
DA:151,2
DA:155,3
DA:156,3
DA:158,1
DA:163,1
DA:164,1
DA:165,1
DA:168,3
DA:169,0
DA:172,2
DA:173,0
DA:176,3
DA:178,2
DA:179,2
DA:180,2
DA:181,1
DA:184,1
DA:188,1
DA:191,2
DA:193,2
DA:194,1
DA:197,1
DA:201,1
DA:203,1
DA:206,2
DA:207,1
DA:213,3
DA:214,0
DA:216,1
DA:217,1
DA:218,1
DA:221,2
DA:225,1
DA:227,1
DA:229,2
DA:231,2
DA:234,1
DA:240,2
DA:241,1
DA:242,1
DA:245,1
DA:250,4
DA:252,2
DA:254,1
DA:256,2
DA:258,1
DA:261,1
DA:263,0
DA:264,0
DA:265,0
DA:269,0
DA:270,0
DA:271,0
DA:274,0
DA:278,0
DA:279,0
DA:280,0
DA:283,0
DA:287,0
DA:288,0
DA:289,0
DA:292,0
DA:301,1
DA:304,2
DA:305,1
DA:308,1
DA:309,1
DA:310,1
DA:311,1
DA:314,1
DA:316,0
DA:323,1
DA:325,2
DA:328,1
DA:329,1
DA:336,1
DA:337,6
LF:128
LH:75
end_of_record
SF:lib\utils\customizations.dart
DA:27,0
DA:29,0
LF:2
LH:0
end_of_record
SF:lib\utils\view_utils.dart
DA:7,0
DA:11,0
DA:12,0
DA:15,0
DA:16,0
DA:20,0
DA:23,0
DA:24,0
DA:25,0
DA:27,0
DA:28,0
LF:11
LH:0
end_of_record
SF:lib\widgets\two_step_dialog.dart
DA:36,0
DA:42,0
DA:43,0
DA:55,0
DA:57,0
DA:58,0
DA:61,0
DA:63,0
DA:65,0
DA:68,0
DA:70,0
DA:71,0
DA:72,0
DA:73,0
DA:75,0
DA:77,0
DA:78,0
DA:82,0
DA:83,0
DA:84,0
DA:85,0
DA:86,0
DA:87,0
DA:98,0
DA:100,0
DA:103,0
DA:105,0
DA:106,0
DA:107,0
DA:111,0
DA:112,0
DA:114,0
DA:115,0
DA:116,0
DA:121,0
LF:35
LH:0
end_of_record
SF:lib\views\settings_view\settings_view_widgets\send_error_dialog.dart
DA:10,16
DA:12,0
DA:13,0
DA:17,0
DA:19,0
DA:20,0
DA:21,0
DA:22,0
DA:23,0
DA:24,0
DA:25,0
DA:26,0
DA:30,0
DA:32,0
DA:33,0
DA:35,0
DA:36,0
DA:39,0
DA:40,0
DA:41,0
DA:44,0
DA:47,0
DA:50,0
DA:52,0
DA:53,0
DA:54,0
DA:66,0
DA:67,0
DA:68,0
DA:69,0
DA:73,0
DA:75,0
DA:77,0
DA:78,0
DA:90,0
DA:92,0
DA:94,0
DA:95,0
DA:96,0
DA:98,0
DA:99,0
DA:101,0
DA:102,0
DA:103,0
DA:104,0
DA:108,0
LF:46
LH:1
end_of_record
SF:lib\widgets\default_dialog.dart
DA:9,0
DA:17,0
DA:18,0
DA:19,0
DA:20,0
DA:26,0
DA:27,0
DA:28,0
LF:8
LH:0
end_of_record
