SF:lib\model\states\token_folder_state.dart
DA:11,19
DA:13,2
DA:14,4
DA:15,6
DA:16,2
DA:21,2
DA:22,4
DA:23,4
DA:24,10
DA:25,4
DA:26,2
DA:29,2
DA:32,2
DA:33,4
DA:34,10
DA:35,2
DA:38,0
DA:39,0
DA:40,0
DA:41,0
DA:44,0
DA:46,0
DA:48,0
DA:49,0
DA:51,0
DA:52,0
DA:54,10
LF:27
LH:17
end_of_record
SF:lib\model\token_folder.dart
DA:18,6
DA:26,1
DA:34,1
DA:35,1
DA:36,1
DA:37,1
DA:38,1
DA:39,0
DA:43,1
DA:44,4
DA:46,0
DA:47,0
DA:49,0
DA:50,0
DA:52,1
DA:53,1
DA:54,2
DA:57,0
LF:18
LH:12
end_of_record
SF:lib\model\mixins\sortable_mixin.dart
DA:6,0
DA:7,0
DA:8,0
DA:11,0
DA:13,0
LF:5
LH:0
end_of_record
SF:lib\model\token_folder.g.dart
DA:9,2
DA:10,1
DA:11,1
DA:12,1
DA:13,1
DA:14,1
DA:17,0
DA:18,0
DA:19,0
DA:20,0
DA:21,0
DA:22,0
DA:23,0
LF:13
LH:6
end_of_record
SF:lib\model\states\token_state.dart
DA:11,4
DA:12,4
DA:14,2
DA:16,2
DA:17,10
DA:20,1
DA:21,2
DA:22,1
DA:23,1
DA:26,1
DA:27,2
DA:28,1
DA:29,1
DA:32,2
DA:33,4
DA:34,10
DA:35,2
DA:38,1
DA:39,2
DA:40,7
DA:41,1
DA:45,2
DA:46,4
DA:47,10
DA:48,4
DA:49,2
DA:51,2
DA:53,2
DA:58,2
DA:59,4
DA:60,4
DA:61,10
DA:62,4
DA:63,2
DA:66,2
DA:68,2
DA:71,0
DA:72,0
DA:73,0
LF:39
LH:36
end_of_record
SF:lib\model\tokens\token.dart
DA:27,0
DA:28,0
DA:29,0
DA:30,0
DA:31,0
DA:32,0
DA:33,0
DA:35,1
DA:36,1
DA:37,5
DA:38,0
DA:39,0
DA:40,0
DA:41,0
DA:44,6
DA:70,1
DA:72,4
DA:75,0
DA:76,0
DA:78,1
DA:80,10
LF:21
LH:8
end_of_record
SF:lib\model\states\settings_state.dart
DA:11,0
DA:12,0
DA:13,0
DA:14,0
DA:15,0
DA:16,0
DA:17,0
DA:19,0
DA:20,0
DA:28,0
DA:30,0
DA:31,0
DA:35,1
DA:44,0
DA:45,0
DA:46,0
DA:47,0
DA:48,0
DA:49,0
DA:50,0
DA:51,0
DA:53,1
DA:63,1
DA:64,1
DA:65,1
DA:66,1
DA:67,1
DA:68,1
DA:69,1
DA:70,1
DA:71,1
DA:75,1
DA:77,9
DA:79,0
DA:80,0
DA:83,1
DA:88,1
DA:89,3
DA:90,3
DA:91,3
DA:92,3
DA:93,5
DA:94,5
DA:95,3
DA:96,3
DA:99,0
DA:100,0
DA:101,0
LF:48
LH:23
end_of_record
SF:lib\l10n\app_localizations.dart
DA:68,0
DA:72,0
DA:73,0
DA:852,16
DA:854,0
DA:856,0
DA:859,0
DA:860,0
DA:862,0
DA:866,0
DA:870,0
DA:871,0
DA:872,0
DA:873,0
DA:874,0
DA:875,0
DA:876,0
DA:877,0
DA:880,0
LF:19
LH:1
end_of_record
SF:lib\l10n\app_localizations_cs.dart
DA:5,0
DA:7,0
DA:10,0
DA:13,0
DA:16,0
DA:19,0
DA:22,0
DA:25,0
DA:28,0
DA:31,0
DA:34,0
DA:37,0
DA:40,0
DA:43,0
DA:46,0
DA:49,0
DA:52,0
DA:55,0
DA:58,0
DA:61,0
DA:64,0
DA:67,0
DA:70,0
DA:72,0
DA:75,0
DA:78,0
DA:81,0
DA:83,0
DA:86,0
DA:89,0
DA:92,0
DA:95,0
DA:98,0
DA:101,0
DA:104,0
DA:107,0
DA:110,0
DA:113,0
DA:116,0
DA:119,0
DA:122,0
DA:125,0
DA:128,0
DA:131,0
DA:133,0
DA:136,0
DA:139,0
DA:141,0
DA:144,0
DA:146,0
DA:149,0
DA:152,0
DA:155,0
DA:158,0
DA:161,0
DA:164,0
DA:167,0
DA:170,0
DA:173,0
DA:176,0
DA:179,0
DA:182,0
DA:185,0
DA:188,0
DA:191,0
DA:194,0
DA:197,0
DA:200,0
DA:203,0
DA:206,0
DA:209,0
DA:212,0
DA:215,0
DA:218,0
DA:221,0
DA:224,0
DA:227,0
DA:229,0
DA:232,0
DA:235,0
DA:238,0
DA:241,0
DA:244,0
DA:247,0
DA:250,0
DA:253,0
DA:256,0
DA:259,0
DA:262,0
DA:265,0
DA:268,0
DA:271,0
DA:274,0
DA:277,0
DA:280,0
DA:283,0
DA:286,0
DA:289,0
DA:292,0
DA:295,0
DA:298,0
DA:301,0
DA:304,0
DA:307,0
DA:310,0
DA:313,0
DA:316,0
DA:319,0
DA:322,0
DA:325,0
DA:328,0
DA:331,0
DA:334,0
DA:337,0
DA:340,0
DA:343,0
DA:346,0
DA:349,0
DA:352,0
DA:355,0
DA:358,0
DA:361,0
DA:364,0
DA:367,0
DA:370,0
DA:372,0
DA:375,0
DA:377,0
DA:380,0
DA:383,0
DA:386,0
DA:389,0
DA:392,0
LF:133
LH:0
end_of_record
SF:lib\l10n\app_localizations_de.dart
DA:5,0
DA:7,0
DA:10,0
DA:13,0
DA:16,0
DA:19,0
DA:22,0
DA:25,0
DA:28,0
DA:31,0
DA:34,0
DA:37,0
DA:40,0
DA:43,0
DA:46,0
DA:49,0
DA:52,0
DA:55,0
DA:58,0
DA:61,0
DA:64,0
DA:67,0
DA:70,0
DA:72,0
DA:75,0
DA:78,0
DA:81,0
DA:83,0
DA:86,0
DA:89,0
DA:92,0
DA:95,0
DA:98,0
DA:101,0
DA:104,0
DA:107,0
DA:110,0
DA:113,0
DA:116,0
DA:119,0
DA:122,0
DA:125,0
DA:128,0
DA:131,0
DA:133,0
DA:136,0
DA:139,0
DA:141,0
DA:144,0
DA:146,0
DA:149,0
DA:152,0
DA:155,0
DA:158,0
DA:161,0
DA:164,0
DA:167,0
DA:170,0
DA:173,0
DA:176,0
DA:179,0
DA:182,0
DA:185,0
DA:188,0
DA:191,0
DA:194,0
DA:197,0
DA:200,0
DA:203,0
DA:206,0
DA:209,0
DA:212,0
DA:215,0
DA:218,0
DA:221,0
DA:224,0
DA:227,0
DA:229,0
DA:232,0
DA:235,0
DA:238,0
DA:241,0
DA:244,0
DA:247,0
DA:250,0
DA:253,0
DA:256,0
DA:259,0
DA:262,0
DA:265,0
DA:268,0
DA:271,0
DA:274,0
DA:277,0
DA:280,0
DA:283,0
DA:286,0
DA:289,0
DA:292,0
DA:295,0
DA:298,0
DA:301,0
DA:304,0
DA:307,0
DA:310,0
DA:313,0
DA:316,0
DA:319,0
DA:322,0
DA:325,0
DA:328,0
DA:331,0
DA:334,0
DA:337,0
DA:340,0
DA:343,0
DA:346,0
DA:349,0
DA:352,0
DA:355,0
DA:358,0
DA:361,0
DA:364,0
DA:367,0
DA:370,0
DA:372,0
DA:375,0
DA:377,0
DA:380,0
DA:383,0
DA:386,0
DA:389,0
DA:392,0
LF:133
LH:0
end_of_record
SF:lib\l10n\app_localizations_en.dart
DA:5,0
DA:7,0
DA:10,0
DA:13,0
DA:16,0
DA:19,0
DA:22,0
DA:25,0
DA:28,0
DA:31,0
DA:34,0
DA:37,0
DA:40,0
DA:43,0
DA:46,0
DA:49,0
DA:52,0
DA:55,0
DA:58,0
DA:61,0
DA:64,0
DA:67,0
DA:70,0
DA:72,0
DA:75,0
DA:78,0
DA:81,0
DA:83,0
DA:86,0
DA:89,0
DA:92,0
DA:95,0
DA:98,0
DA:101,0
DA:104,0
DA:107,0
DA:110,0
DA:113,0
DA:116,0
DA:119,0
DA:122,0
DA:125,0
DA:128,0
DA:131,0
DA:133,0
DA:136,0
DA:139,0
DA:141,0
DA:144,0
DA:146,0
DA:149,0
DA:152,0
DA:155,0
DA:158,0
DA:161,0
DA:164,0
DA:167,0
DA:170,0
DA:173,0
DA:176,0
DA:179,0
DA:182,0
DA:185,0
DA:188,0
DA:191,0
DA:194,0
DA:197,0
DA:200,0
DA:203,0
DA:206,0
DA:209,0
DA:212,0
DA:215,0
DA:218,0
DA:221,0
DA:224,0
DA:227,0
DA:229,0
DA:232,0
DA:235,0
DA:238,0
DA:241,0
DA:244,0
DA:247,0
DA:250,0
DA:253,0
DA:256,0
DA:259,0
DA:262,0
DA:265,0
DA:268,0
DA:271,0
DA:274,0
DA:277,0
DA:280,0
DA:283,0
DA:286,0
DA:289,0
DA:292,0
DA:295,0
DA:298,0
DA:301,0
DA:304,0
DA:307,0
DA:310,0
DA:313,0
DA:316,0
DA:319,0
DA:322,0
DA:325,0
DA:328,0
DA:331,0
DA:334,0
DA:337,0
DA:340,0
DA:343,0
DA:346,0
DA:349,0
DA:352,0
DA:355,0
DA:358,0
DA:361,0
DA:364,0
DA:367,0
DA:370,0
DA:372,0
DA:375,0
DA:377,0
DA:380,0
DA:383,0
DA:386,0
DA:389,0
DA:392,0
LF:133
LH:0
end_of_record
SF:lib\l10n\app_localizations_es.dart
DA:5,0
DA:7,0
DA:10,0
DA:13,0
DA:16,0
DA:19,0
DA:22,0
DA:25,0
DA:28,0
DA:31,0
DA:34,0
DA:37,0
DA:40,0
DA:43,0
DA:46,0
DA:49,0
DA:52,0
DA:55,0
DA:58,0
DA:61,0
DA:64,0
DA:67,0
DA:70,0
DA:72,0
DA:75,0
DA:78,0
DA:81,0
DA:83,0
DA:86,0
DA:89,0
DA:92,0
DA:95,0
DA:98,0
DA:101,0
DA:104,0
DA:107,0
DA:110,0
DA:113,0
DA:116,0
DA:119,0
DA:122,0
DA:125,0
DA:128,0
DA:131,0
DA:133,0
DA:136,0
DA:139,0
DA:141,0
DA:144,0
DA:146,0
DA:149,0
DA:152,0
DA:155,0
DA:158,0
DA:161,0
DA:164,0
DA:167,0
DA:170,0
DA:173,0
DA:176,0
DA:179,0
DA:182,0
DA:185,0
DA:188,0
DA:191,0
DA:194,0
DA:197,0
DA:200,0
DA:203,0
DA:206,0
DA:209,0
DA:212,0
DA:215,0
DA:218,0
DA:221,0
DA:224,0
DA:227,0
DA:229,0
DA:232,0
DA:235,0
DA:238,0
DA:241,0
DA:244,0
DA:247,0
DA:250,0
DA:253,0
DA:256,0
DA:259,0
DA:262,0
DA:265,0
DA:268,0
DA:271,0
DA:274,0
DA:277,0
DA:280,0
DA:283,0
DA:286,0
DA:289,0
DA:292,0
DA:295,0
DA:298,0
DA:301,0
DA:304,0
DA:307,0
DA:310,0
DA:313,0
DA:316,0
DA:319,0
DA:322,0
DA:325,0
DA:328,0
DA:331,0
DA:334,0
DA:337,0
DA:340,0
DA:343,0
DA:346,0
DA:349,0
DA:352,0
DA:355,0
DA:358,0
DA:361,0
DA:364,0
DA:367,0
DA:370,0
DA:372,0
DA:375,0
DA:377,0
DA:380,0
DA:383,0
DA:386,0
DA:389,0
DA:392,0
LF:133
LH:0
end_of_record
SF:lib\l10n\app_localizations_fr.dart
DA:5,0
DA:7,0
DA:10,0
DA:13,0
DA:16,0
DA:19,0
DA:22,0
DA:25,0
DA:28,0
DA:31,0
DA:34,0
DA:37,0
DA:40,0
DA:43,0
DA:46,0
DA:49,0
DA:52,0
DA:55,0
DA:58,0
DA:61,0
DA:64,0
DA:67,0
DA:70,0
DA:72,0
DA:75,0
DA:78,0
DA:81,0
DA:83,0
DA:86,0
DA:89,0
DA:92,0
DA:95,0
DA:98,0
DA:101,0
DA:104,0
DA:107,0
DA:110,0
DA:113,0
DA:116,0
DA:119,0
DA:122,0
DA:125,0
DA:128,0
DA:131,0
DA:133,0
DA:136,0
DA:139,0
DA:141,0
DA:144,0
DA:146,0
DA:149,0
DA:152,0
DA:155,0
DA:158,0
DA:161,0
DA:164,0
DA:167,0
DA:170,0
DA:173,0
DA:176,0
DA:179,0
DA:182,0
DA:185,0
DA:188,0
DA:191,0
DA:194,0
DA:197,0
DA:200,0
DA:203,0
DA:206,0
DA:209,0
DA:212,0
DA:215,0
DA:218,0
DA:221,0
DA:224,0
DA:227,0
DA:229,0
DA:232,0
DA:235,0
DA:238,0
DA:241,0
DA:244,0
DA:247,0
DA:250,0
DA:253,0
DA:256,0
DA:259,0
DA:262,0
DA:265,0
DA:268,0
DA:271,0
DA:274,0
DA:277,0
DA:280,0
DA:283,0
DA:286,0
DA:289,0
DA:292,0
DA:295,0
DA:298,0
DA:301,0
DA:304,0
DA:307,0
DA:310,0
DA:313,0
DA:316,0
DA:319,0
DA:322,0
DA:325,0
DA:328,0
DA:331,0
DA:334,0
DA:337,0
DA:340,0
DA:343,0
DA:346,0
DA:349,0
DA:352,0
DA:355,0
DA:358,0
DA:361,0
DA:364,0
DA:367,0
DA:370,0
DA:372,0
DA:375,0
DA:377,0
DA:380,0
DA:383,0
DA:386,0
DA:389,0
DA:392,0
LF:133
LH:0
end_of_record
SF:lib\l10n\app_localizations_nl.dart
DA:5,0
DA:7,0
DA:10,0
DA:13,0
DA:16,0
DA:19,0
DA:22,0
DA:25,0
DA:28,0
DA:31,0
DA:34,0
DA:37,0
DA:40,0
DA:43,0
DA:46,0
DA:49,0
DA:52,0
DA:55,0
DA:58,0
DA:61,0
DA:64,0
DA:67,0
DA:70,0
DA:72,0
DA:75,0
DA:78,0
DA:81,0
DA:83,0
DA:86,0
DA:89,0
DA:92,0
DA:95,0
DA:98,0
DA:101,0
DA:104,0
DA:107,0
DA:110,0
DA:113,0
DA:116,0
DA:119,0
DA:122,0
DA:125,0
DA:128,0
DA:131,0
DA:133,0
DA:136,0
DA:139,0
DA:144,0
DA:146,0
DA:149,0
DA:152,0
DA:155,0
DA:158,0
DA:161,0
DA:164,0
DA:167,0
DA:170,0
DA:173,0
DA:176,0
DA:179,0
DA:182,0
DA:185,0
DA:188,0
DA:191,0
DA:194,0
DA:197,0
DA:200,0
DA:203,0
DA:206,0
DA:209,0
DA:212,0
DA:215,0
DA:218,0
DA:221,0
DA:224,0
DA:227,0
DA:229,0
DA:232,0
DA:235,0
DA:238,0
DA:241,0
DA:244,0
DA:247,0
DA:250,0
DA:253,0
DA:256,0
DA:259,0
DA:262,0
DA:265,0
DA:268,0
DA:271,0
DA:274,0
DA:277,0
DA:280,0
DA:283,0
DA:286,0
DA:289,0
DA:292,0
DA:295,0
DA:298,0
DA:301,0
DA:304,0
DA:307,0
DA:310,0
DA:313,0
DA:316,0
DA:319,0
DA:322,0
DA:325,0
DA:328,0
DA:331,0
DA:334,0
DA:337,0
DA:340,0
DA:343,0
DA:346,0
DA:349,0
DA:352,0
DA:355,0
DA:358,0
DA:361,0
DA:364,0
DA:367,0
DA:370,0
DA:372,0
DA:375,0
DA:377,0
DA:380,0
DA:383,0
DA:386,0
DA:389,0
DA:392,0
LF:132
LH:0
end_of_record
SF:lib\l10n\app_localizations_pl.dart
DA:5,0
DA:7,0
DA:10,0
DA:13,0
DA:16,0
DA:19,0
DA:22,0
DA:25,0
DA:28,0
DA:31,0
DA:34,0
DA:37,0
DA:40,0
DA:43,0
DA:46,0
DA:49,0
DA:52,0
DA:55,0
DA:58,0
DA:61,0
DA:64,0
DA:67,0
DA:70,0
DA:72,0
DA:75,0
DA:78,0
DA:81,0
DA:83,0
DA:86,0
DA:89,0
DA:92,0
DA:95,0
DA:98,0
DA:101,0
DA:104,0
DA:107,0
DA:110,0
DA:113,0
DA:116,0
DA:119,0
DA:122,0
DA:125,0
DA:128,0
DA:131,0
DA:133,0
DA:136,0
DA:139,0
DA:144,0
DA:146,0
DA:149,0
DA:152,0
DA:155,0
DA:158,0
DA:161,0
DA:164,0
DA:167,0
DA:170,0
DA:173,0
DA:176,0
DA:179,0
DA:182,0
DA:185,0
DA:188,0
DA:191,0
DA:194,0
DA:197,0
DA:200,0
DA:203,0
DA:206,0
DA:209,0
DA:212,0
DA:215,0
DA:218,0
DA:221,0
DA:224,0
DA:227,0
DA:229,0
DA:232,0
DA:235,0
DA:238,0
DA:241,0
DA:244,0
DA:247,0
DA:250,0
DA:253,0
DA:256,0
DA:259,0
DA:262,0
DA:265,0
DA:268,0
DA:271,0
DA:274,0
DA:277,0
DA:280,0
DA:283,0
DA:286,0
DA:289,0
DA:292,0
DA:295,0
DA:298,0
DA:301,0
DA:304,0
DA:307,0
DA:310,0
DA:313,0
DA:316,0
DA:319,0
DA:322,0
DA:325,0
DA:328,0
DA:331,0
DA:334,0
DA:337,0
DA:340,0
DA:343,0
DA:346,0
DA:349,0
DA:352,0
DA:355,0
DA:358,0
DA:361,0
DA:364,0
DA:367,0
DA:370,0
DA:372,0
DA:375,0
DA:377,0
DA:380,0
DA:383,0
DA:386,0
DA:389,0
DA:392,0
LF:132
LH:0
end_of_record
SF:lib\model\platform_info\platform_info_imp\dummy_platform_info.dart
DA:5,0
DA:8,0
DA:11,0
DA:14,0
DA:17,0
DA:20,0
LF:6
LH:0
end_of_record
SF:lib\model\push_request.dart
DA:20,4
DA:33,16
DA:34,13
DA:37,1
DA:49,1
DA:50,1
DA:51,1
DA:52,1
DA:53,1
DA:54,1
DA:55,1
DA:56,1
DA:57,1
DA:58,1
DA:59,0
DA:63,4
DA:64,7
DA:66,1
DA:67,2
DA:69,2
DA:71,6
DA:72,8
DA:73,4
DA:74,4
DA:77,2
DA:79,2
LF:26
LH:25
end_of_record
SF:lib\model\push_request.g.dart
DA:9,2
DA:10,1
DA:11,1
DA:12,2
DA:13,1
DA:14,1
DA:15,1
DA:16,2
DA:17,1
DA:18,1
DA:19,1
DA:22,1
DA:23,1
DA:24,1
DA:25,1
DA:26,1
DA:27,2
DA:28,1
DA:29,1
DA:30,2
DA:31,1
DA:32,1
DA:33,1
LF:23
LH:23
end_of_record
SF:lib\utils\riverpod_providers.dart
DA:28,0
DA:29,0
DA:31,0
DA:32,0
DA:33,0
DA:35,0
DA:36,0
DA:38,0
DA:39,0
DA:43,0
DA:44,0
DA:45,0
DA:46,0
DA:47,0
DA:48,0
DA:51,0
DA:54,0
DA:58,0
DA:59,0
DA:60,0
DA:62,0
DA:63,0
DA:64,0
DA:67,0
DA:68,0
DA:69,0
DA:70,0
DA:74,0
DA:77,0
DA:83,0
DA:84,0
DA:85,0
DA:86,0
DA:90,0
DA:91,0
DA:94,0
DA:95,0
DA:96,0
DA:97,0
DA:100,0
DA:101,0
DA:102,0
DA:103,0
DA:104,0
DA:105,0
DA:108,0
DA:109,0
DA:116,0
DA:118,0
DA:119,0
DA:122,0
DA:123,0
DA:124,0
DA:128,0
DA:130,0
LF:55
LH:0
end_of_record
SF:lib\model\push_request_queue.dart
DA:10,4
DA:15,4
DA:16,8
DA:17,4
DA:20,2
DA:21,2
DA:22,0
DA:25,2
DA:28,0
DA:30,0
DA:32,3
DA:34,0
DA:36,6
DA:38,2
DA:39,12
DA:41,4
DA:44,3
DA:46,3
DA:48,0
DA:50,12
DA:52,5
DA:54,6
DA:56,1
DA:58,2
DA:61,2
DA:62,14
DA:64,2
DA:65,6
DA:67,7
DA:68,3
DA:74,0
DA:75,0
DA:77,4
DA:79,4
LF:34
LH:27
end_of_record
SF:lib\model\push_request_queue.g.dart
DA:9,2
DA:10,2
DA:11,4
DA:12,4
DA:13,2
DA:15,2
DA:16,2
DA:17,2
LF:8
LH:8
end_of_record
SF:lib\model\tokens\push_token.dart
DA:18,2
DA:35,5
DA:36,4
DA:37,5
DA:38,4
DA:39,0
DA:40,4
DA:42,2
DA:43,4
DA:44,6
DA:45,6
DA:48,2
DA:49,14
DA:50,4
DA:52,4
DA:58,2
DA:59,7
DA:60,2
DA:63,3
DA:88,3
DA:89,2
DA:90,6
DA:92,2
DA:117,2
DA:118,2
DA:119,2
DA:120,2
DA:121,2
DA:122,2
DA:123,2
DA:124,2
DA:125,2
DA:126,2
DA:127,2
DA:128,2
DA:129,2
DA:130,2
DA:131,2
DA:132,2
DA:133,2
DA:134,2
DA:135,2
DA:136,2
DA:137,3
DA:141,2
DA:142,7
DA:144,0
DA:145,0
DA:147,1
DA:149,2
DA:150,1
DA:151,2
DA:152,1
DA:153,2
DA:154,1
DA:155,1
DA:156,1
DA:157,1
DA:158,1
DA:159,1
DA:160,1
DA:161,1
DA:164,1
DA:167,1
DA:168,1
DA:169,1
DA:170,1
DA:171,1
DA:172,1
DA:173,5
DA:174,1
DA:175,1
DA:176,1
DA:177,1
DA:178,1
DA:181,0
DA:186,1
DA:187,1
DA:188,2
DA:189,1
DA:190,1
DA:191,1
DA:192,0
DA:193,0
DA:194,0
DA:196,1
DA:199,2
LF:87
LH:80
end_of_record
SF:lib\model\tokens\push_token.g.dart
DA:9,2
DA:10,1
DA:11,1
DA:12,1
DA:13,1
DA:14,3
DA:15,1
DA:17,2
DA:18,1
DA:19,1
DA:20,1
DA:21,1
DA:22,1
DA:23,1
DA:24,1
DA:25,1
DA:26,1
DA:28,1
DA:29,1
DA:30,1
DA:32,1
DA:33,1
DA:34,1
DA:35,1
DA:36,1
DA:37,1
DA:38,1
DA:39,1
DA:42,2
DA:43,1
DA:44,1
DA:45,1
DA:46,1
DA:47,1
DA:48,1
DA:49,1
DA:50,1
DA:51,1
DA:52,2
DA:53,1
DA:54,1
DA:55,1
DA:56,2
DA:57,1
DA:58,2
DA:59,1
DA:60,1
DA:61,1
DA:62,1
DA:63,1
LF:50
LH:50
end_of_record
SF:lib\model\tokens\day_password_token.dart
DA:19,1
DA:34,2
DA:35,2
DA:37,0
DA:53,0
DA:54,0
DA:55,0
DA:56,0
DA:57,0
DA:58,0
DA:59,0
DA:60,0
DA:61,0
DA:62,0
DA:63,0
DA:64,0
DA:65,0
DA:66,0
DA:67,0
DA:70,1
DA:71,1
DA:72,1
DA:73,2
DA:74,1
DA:75,2
DA:76,2
DA:80,0
DA:81,0
DA:82,0
DA:85,0
DA:86,0
DA:87,0
DA:89,0
DA:92,0
DA:93,0
DA:94,0
DA:95,0
DA:98,0
DA:99,0
DA:100,0
DA:101,0
DA:102,0
DA:103,0
DA:104,0
DA:105,0
DA:106,0
DA:107,0
DA:108,0
DA:111,0
DA:116,0
DA:117,0
DA:119,0
DA:121,0
LF:53
LH:10
end_of_record
SF:lib\model\tokens\day_password_token.g.dart
DA:9,0
DA:10,0
DA:11,0
DA:12,0
DA:13,0
DA:14,0
DA:15,0
DA:16,0
DA:17,0
DA:18,0
DA:19,0
DA:21,0
DA:22,0
DA:23,0
DA:24,0
DA:25,0
DA:26,0
DA:29,0
DA:30,0
DA:31,0
DA:32,0
DA:33,0
DA:34,0
DA:35,0
DA:36,0
DA:37,0
DA:38,0
DA:39,0
DA:40,0
DA:41,0
DA:42,0
DA:43,0
DA:44,0
LF:33
LH:0
end_of_record
SF:lib\utils\crypto_utils.dart
DA:34,1
DA:35,1
DA:36,1
DA:37,1
DA:38,1
DA:40,1
DA:41,1
DA:42,1
DA:43,1
DA:46,3
DA:48,1
DA:52,1
DA:54,1
DA:56,4
DA:57,1
DA:59,2
DA:62,1
DA:64,2
DA:67,1
DA:70,1
DA:72,1
DA:73,1
DA:76,3
DA:80,2
DA:81,2
DA:83,2
DA:84,2
DA:85,4
DA:86,4
DA:88,6
DA:93,2
DA:94,4
DA:95,4
DA:96,4
DA:99,5
DA:100,6
DA:101,6
DA:102,10
DA:105,2
DA:107,2
DA:114,3
DA:115,3
DA:116,3
DA:117,3
LF:44
LH:44
end_of_record
SF:lib\utils\utils.dart
DA:37,1
DA:38,5
DA:48,1
DA:49,1
DA:51,3
DA:52,7
DA:55,1
DA:58,4
DA:59,8
DA:60,8
DA:65,2
DA:73,8
DA:74,8
DA:75,8
DA:76,48
DA:77,16
DA:80,5
DA:81,15
DA:85,1
DA:86,2
DA:87,0
DA:88,0
DA:92,0
DA:93,0
DA:94,0
DA:97,0
DA:101,0
DA:102,0
DA:103,0
DA:104,0
DA:105,0
DA:106,0
DA:107,0
DA:108,0
DA:109,0
DA:112,0
DA:113,0
DA:116,0
DA:117,0
DA:122,0
DA:124,0
DA:126,0
DA:132,0
LF:43
LH:20
end_of_record
SF:lib\model\tokens\otp_token.dart
DA:10,4
DA:40,0
DA:42,0
LF:3
LH:1
end_of_record
SF:lib\model\tokens\hotp_token.dart
DA:16,4
DA:30,8
DA:32,3
DA:33,3
DA:34,3
DA:35,3
DA:36,3
DA:37,6
DA:41,4
DA:43,2
DA:58,2
DA:59,1
DA:60,2
DA:61,2
DA:62,2
DA:63,2
DA:64,2
DA:65,2
DA:66,2
DA:67,2
DA:68,2
DA:69,2
DA:70,3
DA:73,0
DA:75,0
DA:78,2
DA:79,3
DA:80,5
DA:83,2
DA:84,2
DA:85,2
DA:86,2
DA:87,4
DA:88,2
DA:89,4
DA:90,2
DA:91,2
DA:92,2
DA:93,2
DA:96,0
DA:101,0
DA:103,0
LF:42
LH:37
end_of_record
SF:lib\model\tokens\hotp_token.g.dart
DA:9,0
DA:10,0
DA:11,0
DA:12,0
DA:13,0
DA:14,0
DA:15,0
DA:16,0
DA:17,0
DA:18,0
DA:19,0
DA:20,0
DA:21,0
DA:22,0
DA:25,0
DA:26,0
DA:27,0
DA:28,0
DA:29,0
DA:30,0
DA:31,0
DA:32,0
DA:33,0
DA:34,0
DA:35,0
DA:36,0
DA:37,0
DA:38,0
LF:28
LH:0
end_of_record
SF:lib\utils\custom_int_buffer.dart
DA:9,4
DA:14,3
DA:15,5
DA:16,3
DA:19,2
DA:20,2
DA:21,0
DA:24,6
DA:25,0
DA:28,2
DA:31,3
DA:32,14
DA:33,6
DA:36,3
DA:38,6
DA:40,2
DA:42,2
LF:17
LH:15
end_of_record
SF:lib\utils\custom_int_buffer.g.dart
DA:9,1
DA:10,1
DA:11,4
DA:13,1
DA:14,1
DA:15,1
LF:6
LH:6
end_of_record
SF:lib\utils\rsa_utils.dart
DA:34,66
DA:43,2
DA:44,6
DA:45,6
DA:46,6
DA:48,2
DA:58,2
DA:59,2
DA:60,6
DA:61,6
DA:63,4
DA:78,1
DA:79,3
DA:81,2
DA:83,3
DA:85,2
DA:86,0
DA:87,0
DA:93,2
DA:95,3
DA:97,3
DA:98,3
DA:100,1
DA:115,1
DA:116,1
DA:117,1
DA:118,2
DA:119,2
DA:121,1
DA:122,3
DA:123,3
DA:125,2
DA:127,1
DA:128,1
DA:129,1
DA:130,2
DA:151,2
DA:152,2
DA:153,4
DA:154,6
DA:155,6
DA:156,6
DA:157,6
DA:158,6
DA:159,14
DA:160,14
DA:161,10
DA:163,4
DA:184,1
DA:185,3
DA:186,3
DA:187,3
DA:188,3
DA:189,3
DA:191,1
DA:195,1
DA:196,1
DA:197,2
DA:201,2
DA:202,0
DA:203,0
DA:215,0
DA:217,0
DA:220,0
DA:222,0
DA:223,0
DA:231,0
DA:237,2
DA:238,2
DA:239,4
DA:240,2
DA:245,2
DA:246,12
DA:248,2
DA:250,6
DA:253,0
DA:254,0
DA:257,1
DA:258,1
DA:259,2
DA:261,2
LF:81
LH:69
end_of_record
SF:lib\model\tokens\totp_token.dart
DA:19,1
DA:20,1
DA:21,1
DA:22,2
DA:23,1
DA:24,2
DA:25,1
DA:29,1
DA:43,1
DA:44,2
DA:46,1
DA:61,1
DA:62,0
DA:63,0
DA:64,0
DA:65,0
DA:66,0
DA:67,0
DA:68,0
DA:69,0
DA:70,0
DA:71,0
DA:72,0
DA:73,1
DA:77,0
DA:79,0
DA:82,1
DA:83,2
DA:84,3
DA:85,3
DA:88,1
DA:89,1
DA:90,1
DA:91,1
DA:92,2
DA:93,1
DA:94,1
DA:95,2
DA:96,1
DA:97,1
DA:98,1
DA:101,0
DA:106,2
DA:108,0
DA:109,0
DA:110,0
DA:113,0
DA:114,0
DA:115,0
DA:118,2
LF:50
LH:30
end_of_record
SF:lib\model\tokens\totp_token.g.dart
DA:9,2
DA:10,1
DA:11,1
DA:12,1
DA:13,1
DA:14,2
DA:15,1
DA:16,1
DA:17,1
DA:18,1
DA:19,1
DA:20,1
DA:21,1
DA:22,1
DA:25,2
DA:26,1
DA:27,1
DA:28,1
DA:29,1
DA:30,1
DA:31,1
DA:32,1
DA:33,1
DA:34,1
DA:35,2
DA:36,1
DA:37,1
DA:38,1
LF:28
LH:28
end_of_record
SF:lib\repo\preference_settings_repository.dart
DA:19,0
DA:20,0
DA:23,0
DA:25,0
DA:26,0
DA:27,0
DA:28,0
DA:29,0
DA:31,0
DA:32,0
DA:33,0
DA:34,0
DA:44,0
DA:47,0
DA:49,0
DA:50,0
DA:51,0
DA:52,0
DA:53,0
DA:54,0
DA:56,0
DA:57,0
DA:59,0
DA:60,0
DA:61,0
LF:25
LH:0
end_of_record
SF:lib\repo\preference_token_folder_repository.dart
DA:12,0
DA:14,0
DA:17,0
DA:18,0
DA:19,0
DA:20,0
DA:23,0
DA:24,0
DA:28,0
DA:31,0
DA:32,0
DA:33,0
DA:34,0
DA:36,0
LF:14
LH:0
end_of_record
SF:lib\utils\logger.dart
DA:22,0
DA:27,0
DA:28,0
DA:29,15
DA:30,5
DA:38,5
DA:40,5
DA:41,5
DA:46,0
DA:47,0
DA:48,0
DA:49,0
DA:51,0
DA:54,0
DA:55,0
DA:56,0
DA:57,0
DA:70,0
DA:71,0
DA:72,0
DA:73,0
DA:74,0
DA:75,0
DA:76,5
DA:78,0
DA:81,0
DA:82,0
DA:83,0
DA:88,5
DA:93,0
DA:99,15
DA:100,5
DA:101,15
DA:106,0
DA:108,0
DA:110,0
DA:115,5
DA:116,10
DA:117,10
DA:118,0
DA:120,5
DA:123,1
DA:124,2
DA:125,2
DA:126,0
DA:128,1
DA:131,0
DA:132,0
DA:133,0
DA:134,0
DA:135,0
DA:137,0
DA:138,0
DA:139,0
DA:142,0
DA:143,0
DA:144,0
DA:145,0
DA:148,0
DA:149,0
DA:151,0
DA:153,0
DA:157,0
DA:158,0
DA:161,0
DA:162,0
DA:163,0
DA:164,0
DA:170,0
DA:171,0
DA:172,0
DA:173,0
DA:174,0
DA:175,0
DA:179,0
DA:180,0
DA:181,0
DA:182,0
DA:183,0
DA:184,0
DA:187,0
DA:189,0
DA:195,0
DA:196,0
DA:199,0
DA:200,0
DA:201,0
DA:202,0
DA:203,0
DA:204,0
DA:205,0
DA:206,0
DA:216,5
DA:217,5
DA:218,5
DA:219,5
DA:220,5
DA:223,5
DA:224,10
DA:225,5
DA:228,0
DA:229,0
DA:230,0
DA:231,0
DA:232,0
DA:233,0
DA:234,0
DA:235,0
DA:238,0
DA:239,0
DA:242,0
DA:246,5
DA:247,10
DA:250,5
DA:251,10
DA:252,0
DA:255,5
DA:256,10
DA:257,0
DA:258,0
DA:261,5
DA:262,0
DA:263,0
DA:268,10
DA:269,5
DA:271,0
DA:272,0
DA:273,0
DA:274,0
DA:276,5
DA:279,5
DA:284,5
DA:286,10
DA:289,5
DA:291,10
DA:294,0
DA:296,0
DA:301,0
DA:302,0
DA:303,0
DA:304,0
DA:305,0
DA:306,0
DA:307,0
DA:309,0
DA:310,0
DA:311,0
DA:312,0
DA:313,0
DA:322,0
DA:323,0
DA:324,0
DA:325,0
DA:326,0
DA:327,0
DA:334,0
DA:335,0
DA:336,0
DA:337,0
DA:342,5
DA:343,15
DA:344,10
DA:345,8
DA:346,5
DA:348,5
DA:350,15
DA:351,5
DA:352,25
DA:353,25
DA:354,15
DA:359,0
DA:360,0
DA:361,0
DA:362,0
DA:363,0
DA:364,0
DA:365,0
DA:366,0
DA:367,0
DA:368,0
DA:369,0
DA:370,0
DA:371,0
DA:372,0
DA:373,0
DA:374,0
DA:375,0
DA:376,0
DA:377,0
DA:378,0
DA:379,0
DA:380,0
DA:381,0
DA:382,0
DA:383,0
DA:384,0
DA:385,0
DA:386,0
DA:387,0
DA:388,0
DA:389,0
DA:390,0
DA:391,0
DA:392,0
DA:395,0
DA:396,0
DA:397,0
DA:398,0
DA:399,0
DA:400,0
DA:401,0
DA:402,0
DA:403,0
DA:404,0
DA:405,0
DA:406,0
DA:408,0
LF:217
LH:52
end_of_record
SF:lib\repo\secure_token_repository.dart
DA:33,32
DA:36,0
DA:40,0
DA:53,0
DA:55,0
DA:56,0
DA:57,0
DA:58,0
DA:61,0
DA:62,0
DA:63,0
DA:65,0
DA:70,0
DA:72,0
DA:82,0
DA:84,0
DA:86,0
DA:88,0
DA:89,0
DA:90,0
DA:96,0
DA:97,0
DA:98,0
DA:101,0
DA:102,0
DA:111,0
DA:112,0
DA:113,0
DA:125,0
DA:126,0
DA:128,0
DA:131,0
DA:135,0
DA:137,0
DA:138,0
DA:139,0
DA:140,0
DA:143,0
DA:144,0
DA:145,0
DA:151,0
DA:153,0
DA:155,0
DA:158,0
DA:168,0
DA:170,0
DA:175,0
DA:177,0
LF:48
LH:1
end_of_record
SF:lib\state_notifiers\app_state_notifier.dart
DA:6,2
DA:8,1
DA:9,1
LF:3
LH:3
end_of_record
SF:lib\state_notifiers\deeplink_notifier.dart
DA:13,0
DA:14,0
DA:15,0
DA:18,0
DA:20,0
DA:21,0
DA:26,0
DA:30,0
DA:31,0
DA:32,0
DA:34,0
DA:35,0
DA:36,0
DA:37,0
DA:42,0
DA:45,0
DA:47,0
DA:49,0
DA:50,0
DA:51,0
DA:52,0
DA:54,0
DA:55,0
DA:56,0
DA:57,0
LF:25
LH:0
end_of_record
SF:lib\state_notifiers\push_request_notifier.dart
DA:41,1
DA:48,0
DA:50,1
DA:51,2
DA:55,1
DA:56,2
DA:57,1
DA:58,1
DA:59,1
DA:61,0
DA:64,1
DA:68,1
DA:69,2
DA:70,1
DA:71,1
DA:72,1
DA:74,0
DA:77,1
DA:81,0
DA:83,1
DA:84,1
DA:86,3
DA:87,2
DA:90,3
DA:91,2
DA:92,1
DA:94,3
DA:95,2
DA:105,1
DA:106,1
DA:107,1
DA:110,2
DA:111,1
DA:114,4
DA:115,2
DA:116,0
DA:119,0
LF:37
LH:31
end_of_record
SF:lib\utils\network_utils.dart
DA:31,48
DA:36,0
DA:38,0
DA:39,0
DA:40,0
DA:41,0
DA:42,0
DA:44,0
DA:47,0
DA:48,0
DA:51,0
DA:56,0
DA:57,0
DA:58,0
DA:60,0
DA:61,0
DA:62,0
DA:63,0
DA:64,0
DA:66,0
DA:70,0
DA:71,0
DA:72,0
DA:73,0
DA:74,0
DA:76,0
DA:80,0
DA:81,0
DA:82,0
DA:85,0
DA:86,0
DA:89,0
DA:92,0
DA:97,0
DA:98,0
DA:99,0
DA:100,0
DA:101,0
DA:102,0
DA:103,0
DA:105,0
DA:109,0
DA:110,0
DA:111,0
DA:112,0
DA:113,0
DA:115,0
DA:117,0
DA:119,0
DA:120,0
DA:121,0
DA:125,0
DA:127,0
DA:128,0
DA:129,0
DA:130,0
DA:131,0
DA:132,0
DA:136,0
DA:137,0
DA:140,0
DA:144,0
LF:62
LH:1
end_of_record
SF:lib\utils\push_provider.dart
DA:54,0
DA:58,0
DA:59,0
DA:60,0
DA:61,0
DA:62,0
DA:63,0
DA:64,0
DA:70,0
DA:76,0
DA:79,0
DA:82,0
DA:87,0
DA:95,0
DA:97,0
DA:99,0
DA:103,0
DA:104,0
DA:105,0
DA:107,0
DA:108,0
DA:109,0
DA:110,0
DA:111,0
DA:113,0
DA:114,0
DA:120,0
DA:121,0
DA:122,0
DA:124,0
DA:125,0
DA:126,0
DA:127,0
DA:129,0
DA:130,0
DA:138,0
DA:139,0
DA:140,0
DA:141,0
DA:143,0
DA:144,0
DA:145,0
DA:146,0
DA:148,0
DA:150,0
DA:152,0
DA:155,0
DA:156,0
DA:159,0
DA:161,0
DA:167,0
DA:168,0
DA:169,0
DA:170,0
DA:172,0
DA:173,0
DA:174,0
DA:175,0
DA:177,0
DA:179,0
DA:181,0
DA:184,0
DA:185,0
DA:188,0
DA:189,0
DA:192,0
DA:193,0
DA:194,0
DA:195,0
DA:197,0
DA:200,0
DA:201,0
DA:202,0
DA:203,0
DA:206,0
DA:208,0
DA:209,0
DA:210,0
DA:211,0
DA:215,0
DA:216,0
DA:217,0
DA:218,0
DA:225,0
DA:226,0
DA:227,0
DA:228,0
DA:229,0
DA:233,0
DA:236,0
DA:237,0
DA:238,0
DA:243,0
DA:244,0
DA:245,0
DA:247,0
DA:248,0
DA:255,0
DA:256,0
DA:258,0
DA:260,0
DA:261,0
DA:262,0
DA:264,0
DA:267,0
DA:268,0
DA:275,0
DA:276,0
DA:278,0
DA:279,0
DA:282,0
DA:283,0
DA:285,0
DA:286,0
DA:287,0
DA:291,0
DA:292,0
DA:293,0
DA:297,0
DA:298,0
DA:301,0
DA:307,0
DA:308,0
DA:310,0
DA:312,0
DA:314,0
DA:315,0
DA:316,0
DA:321,0
DA:334,0
DA:340,0
DA:344,0
DA:353,0
DA:355,0
DA:358,0
DA:363,0
DA:364,0
DA:365,0
DA:366,0
DA:368,0
DA:369,0
DA:371,0
DA:377,0
LF:143
LH:0
end_of_record
SF:lib\state_notifiers\settings_notifier.dart
DA:16,1
DA:20,1
DA:21,1
DA:23,1
DA:24,3
DA:25,3
DA:26,3
DA:30,1
DA:31,3
DA:32,3
DA:35,1
DA:36,2
DA:37,3
DA:38,3
DA:39,1
DA:42,0
DA:43,0
DA:44,0
DA:45,0
DA:48,0
DA:49,0
DA:50,0
DA:51,0
DA:54,0
DA:55,0
DA:56,0
DA:57,0
DA:60,1
DA:61,2
DA:62,3
DA:63,1
DA:66,1
DA:67,2
DA:68,3
DA:69,1
DA:72,0
DA:73,0
DA:74,0
DA:75,0
DA:78,0
DA:79,0
DA:80,0
DA:81,0
DA:84,1
DA:85,2
DA:86,3
DA:87,1
DA:90,0
DA:91,0
DA:92,0
DA:93,0
DA:96,1
DA:97,2
DA:98,3
DA:99,1
DA:102,1
DA:103,2
DA:104,2
DA:105,3
DA:106,1
DA:109,1
DA:110,2
DA:111,3
DA:112,1
LF:64
LH:40
end_of_record
SF:lib\state_notifiers\token_folder_notifier.dart
DA:11,1
DA:13,1
DA:14,1
DA:17,8
DA:19,1
DA:20,3
DA:21,2
DA:22,1
DA:23,0
DA:28,1
DA:29,2
DA:30,1
DA:31,2
DA:34,1
DA:35,2
DA:36,1
DA:37,2
DA:40,1
DA:41,3
DA:42,1
DA:43,2
DA:46,1
DA:47,2
DA:48,1
DA:49,2
LF:25
LH:24
end_of_record
SF:lib\state_notifiers\token_notifier.dart
DA:45,1
DA:58,1
DA:59,1
DA:60,1
DA:62,1
DA:65,1
DA:66,3
DA:67,2
DA:68,1
DA:69,0
DA:70,0
DA:73,0
DA:75,2
DA:76,4
DA:81,1
DA:82,3
DA:83,2
DA:84,3
DA:88,1
DA:91,3
DA:92,2
DA:93,1
DA:94,1
DA:95,1
DA:98,4
DA:99,2
DA:100,2
DA:101,1
DA:110,1
DA:111,1
DA:114,2
DA:118,5
DA:119,2
DA:120,3
DA:124,1
DA:125,6
DA:128,1
DA:129,3
DA:130,3
DA:131,2
DA:134,1
DA:135,3
DA:136,2
DA:139,1
DA:140,3
DA:141,2
DA:145,1
DA:146,3
DA:147,1
DA:150,0
DA:151,0
DA:152,0
DA:155,0
DA:156,0
DA:159,0
DA:162,0
DA:164,0
DA:167,1
DA:170,1
DA:177,2
DA:179,3
DA:181,0
DA:182,0
DA:184,0
DA:185,0
DA:186,0
DA:187,0
DA:188,0
DA:194,1
DA:195,0
DA:196,0
DA:197,0
DA:201,1
DA:202,0
DA:205,1
DA:208,0
DA:210,0
DA:211,0
DA:216,1
DA:217,1
DA:218,9
DA:219,5
DA:221,0
DA:224,1
DA:225,2
DA:226,1
DA:227,1
DA:228,1
DA:229,1
DA:230,1
DA:233,1
DA:234,0
DA:236,1
DA:237,0
DA:238,5
DA:241,0
DA:244,0
DA:248,1
DA:250,2
DA:251,0
DA:252,0
DA:253,0
DA:259,1
DA:260,1
DA:262,4
DA:266,1
DA:267,3
DA:268,8
DA:271,0
DA:274,1
DA:275,1
DA:277,4
DA:281,1
DA:282,2
DA:283,2
DA:284,3
DA:285,1
DA:286,2
DA:287,2
DA:288,2
DA:289,2
DA:290,4
DA:294,2
DA:295,0
DA:296,0
DA:297,0
DA:298,0
DA:302,0
DA:305,1
DA:306,0
DA:309,1
DA:310,2
DA:312,2
DA:313,2
DA:314,2
DA:315,1
DA:316,4
DA:317,1
DA:319,0
DA:320,0
DA:325,2
DA:328,2
DA:329,1
DA:330,1
DA:331,1
DA:332,1
DA:333,1
DA:334,2
DA:335,3
DA:339,2
DA:340,2
DA:342,1
DA:343,1
DA:344,0
DA:345,0
DA:346,0
DA:347,0
DA:350,1
DA:351,1
DA:352,1
DA:356,0
DA:358,0
DA:362,0
DA:363,0
DA:364,0
DA:366,0
DA:367,0
DA:368,0
DA:371,0
DA:375,0
DA:376,0
DA:377,0
DA:378,0
DA:381,0
DA:382,0
DA:383,0
DA:384,0
DA:385,0
DA:388,0
DA:390,0
DA:391,0
DA:392,0
DA:396,0
DA:397,0
DA:403,1
DA:404,2
DA:406,4
DA:407,1
DA:409,1
DA:411,2
DA:412,0
DA:413,0
LF:192
LH:120
end_of_record
SF:lib\utils\qr_parser.dart
DA:27,17
DA:30,1
DA:31,1
DA:32,1
DA:40,2
DA:41,1
DA:44,2
DA:48,1
DA:49,2
DA:50,2
DA:51,2
DA:52,1
DA:53,2
DA:54,0
DA:57,1
DA:60,1
DA:64,0
DA:77,0
DA:79,0
DA:82,0
DA:85,0
DA:89,0
DA:91,0
DA:93,0
DA:94,0
DA:96,0
DA:100,0
DA:101,0
DA:104,0
DA:105,0
DA:108,0
DA:109,0
DA:110,0
DA:112,0
DA:113,0
DA:115,0
DA:116,0
DA:118,0
DA:119,0
DA:120,0
DA:123,0
DA:125,0
DA:126,0
DA:127,0
DA:130,0
DA:131,0
DA:133,0
DA:136,0
DA:137,0
DA:145,1
DA:148,1
DA:151,2
DA:155,3
DA:156,3
DA:158,1
DA:163,1
DA:164,1
DA:165,1
DA:168,3
DA:169,0
DA:172,2
DA:173,0
DA:176,3
DA:178,2
DA:179,2
DA:180,2
DA:181,1
DA:184,1
DA:188,1
DA:191,2
DA:193,2
DA:194,1
DA:197,1
DA:201,1
DA:203,1
DA:206,2
DA:207,1
DA:213,3
DA:214,0
DA:216,1
DA:217,1
DA:218,1
DA:221,2
DA:225,1
DA:227,1
DA:229,2
DA:231,2
DA:234,1
DA:240,2
DA:241,1
DA:242,1
DA:245,1
DA:250,4
DA:252,2
DA:254,1
DA:256,2
DA:258,1
DA:261,1
DA:263,0
DA:264,0
DA:265,0
DA:269,0
DA:270,0
DA:271,0
DA:274,0
DA:278,0
DA:279,0
DA:280,0
DA:283,0
DA:287,0
DA:288,0
DA:289,0
DA:292,0
DA:301,1
DA:304,2
DA:305,1
DA:308,1
DA:309,1
DA:310,1
DA:311,1
DA:314,1
DA:316,0
DA:323,1
DA:325,2
DA:328,1
DA:329,1
DA:336,1
DA:337,6
LF:128
LH:75
end_of_record
SF:lib\utils\customizations.dart
DA:25,0
DA:26,0
LF:2
LH:0
end_of_record
SF:lib\utils\view_utils.dart
DA:7,0
DA:11,0
DA:12,0
DA:15,0
DA:16,0
DA:20,0
DA:23,0
DA:24,0
DA:25,0
DA:27,0
DA:28,0
LF:11
LH:0
end_of_record
SF:lib\widgets\two_step_dialog.dart
DA:36,0
DA:42,0
DA:43,0
DA:55,0
DA:57,0
DA:58,0
DA:61,0
DA:63,0
DA:65,0
DA:68,0
DA:70,0
DA:71,0
DA:72,0
DA:73,0
DA:75,0
DA:77,0
DA:78,0
DA:82,0
DA:83,0
DA:84,0
DA:85,0
DA:86,0
DA:87,0
DA:98,0
DA:100,0
DA:103,0
DA:105,0
DA:106,0
DA:107,0
DA:111,0
DA:112,0
DA:114,0
DA:115,0
DA:116,0
DA:121,0
LF:35
LH:0
end_of_record
SF:lib\utils\app_customizer.dart
DA:13,0
DA:33,16
DA:64,16
DA:120,0
DA:139,0
DA:140,0
DA:141,0
DA:142,0
DA:143,0
DA:144,0
DA:145,0
DA:146,0
DA:147,0
DA:148,0
DA:149,0
DA:150,0
DA:151,0
DA:152,0
DA:153,0
DA:154,0
DA:155,0
DA:156,0
DA:159,0
DA:160,0
DA:161,0
DA:162,0
DA:163,0
DA:164,0
DA:165,0
DA:166,0
DA:167,0
DA:168,0
DA:169,0
DA:170,0
DA:171,0
DA:172,0
DA:173,0
DA:174,0
DA:175,0
DA:176,0
DA:179,0
DA:180,0
DA:181,0
DA:182,0
DA:183,0
DA:184,0
DA:185,0
DA:186,0
DA:187,0
DA:188,0
DA:189,0
DA:190,0
DA:191,0
DA:192,0
DA:193,0
DA:194,0
DA:195,0
DA:196,0
DA:199,0
DA:200,0
DA:201,0
DA:202,0
DA:203,0
DA:204,0
DA:205,0
DA:206,0
DA:207,0
DA:208,0
DA:209,0
DA:210,0
DA:211,0
DA:212,0
DA:213,0
DA:214,0
DA:215,0
DA:258,0
DA:265,0
DA:266,0
DA:268,0
DA:269,0
DA:271,0
DA:273,0
DA:274,0
DA:277,0
DA:281,0
DA:290,0
DA:291,0
DA:292,0
DA:293,0
DA:294,0
DA:295,0
DA:296,0
DA:299,0
DA:301,0
DA:303,0
DA:304,0
DA:305,0
DA:306,0
DA:307,0
DA:308,0
DA:309,0
DA:312,0
DA:313,0
DA:314,0
DA:315,0
DA:316,0
DA:317,0
DA:318,0
DA:319,0
DA:324,0
DA:325,0
DA:327,0
DA:328,0
DA:329,0
DA:330,0
DA:331,0
DA:332,0
DA:333,0
DA:334,0
DA:335,0
DA:336,0
DA:337,0
DA:338,0
DA:339,0
DA:340,0
DA:342,0
DA:343,0
DA:344,0
DA:345,0
DA:346,0
DA:347,0
DA:350,0
DA:351,0
DA:352,0
DA:353,0
DA:354,0
DA:357,0
DA:358,0
DA:359,0
DA:361,0
DA:362,0
DA:363,0
DA:364,0
DA:365,0
DA:367,0
DA:368,0
DA:369,0
DA:370,0
DA:371,0
DA:372,0
DA:373,0
DA:375,0
DA:376,0
DA:377,0
DA:378,0
DA:379,0
DA:380,0
DA:382,0
DA:383,0
DA:384,0
DA:387,0
DA:388,0
DA:393,0
DA:394,0
DA:395,0
DA:398,0
DA:399,0
DA:404,0
DA:405,0
DA:406,0
DA:409,0
DA:410,0
DA:414,0
DA:415,0
DA:418,0
DA:419,0
DA:424,0
DA:425,0
DA:426,0
DA:427,0
DA:428,0
DA:429,0
DA:439,0
DA:446,0
DA:447,0
DA:448,0
DA:449,0
DA:450,0
DA:451,0
DA:454,0
DA:455,0
DA:456,0
DA:457,0
DA:458,0
DA:459,0
LF:195
LH:2
end_of_record
SF:lib\views\settings_view\settings_view_widgets\send_error_dialog.dart
DA:10,16
DA:12,0
DA:13,0
DA:17,0
DA:19,0
DA:20,0
DA:21,0
DA:22,0
DA:23,0
DA:24,0
DA:25,0
DA:26,0
DA:30,0
DA:32,0
DA:33,0
DA:35,0
DA:37,0
DA:38,0
DA:39,0
DA:40,0
DA:45,0
DA:47,0
DA:48,0
DA:51,0
DA:54,0
DA:57,0
DA:59,0
DA:60,0
DA:61,0
DA:73,0
DA:74,0
DA:75,0
DA:76,0
DA:80,0
DA:82,0
DA:84,0
DA:85,0
DA:97,0
DA:99,0
DA:101,0
DA:103,0
DA:104,0
DA:106,0
DA:107,0
DA:108,0
DA:109,0
DA:113,0
LF:47
LH:1
end_of_record
SF:lib\widgets\default_dialog.dart
DA:11,0
DA:19,0
DA:20,0
DA:21,0
DA:22,0
DA:23,0
DA:24,0
DA:30,0
DA:31,0
DA:32,0
LF:10
LH:0
end_of_record
